<?xml version="1.0" encoding="UTF-8"?>
<!-- Generated by org.testng.reporters.JUnitXMLReporter -->
<testsuite hostname="Naresh" ignored="0" name="Test" tests="2" failures="1" timestamp="19 Feb 2019 15:41:57 GMT" time="29.173" errors="0">
  <testcase name="SecondTestcase" time="0.007" classname="com.infosys.MYUHCapplication.basetest.BaseTest"/>
  <testcase name="firstTestcase" time="14.966" classname="com.infosys.MYUHCapplication.basetest.BaseTest">
    <failure type="java.lang.NullPointerException">
      <![CDATA[java.lang.NullPointerException
at com.infosys.MYUHCapplication.resuableactionlib.ReusableActionLib.inputText(ReusableActionLib.java:64)
at com.infosys.MYUHCapplication.pageobjects.PageLogin.EnterUsername(PageLogin.java:43)
at com.infosys.MYUHCapplication.pageobjects.PageLogin.Login(PageLogin.java:33)
at com.infosys.MYUHCapplication.basetest.BaseTest.firstTestcase(BaseTest.java:51)
... Removed 25 stack frames]]>
    </failure>
  </testcase> <!-- firstTestcase -->
</testsuite> <!-- Test -->
