<?xml version="1.0" encoding="UTF-8"?>
<testng-results skipped="0" failed="1" ignored="0" total="2" passed="1">
  <reporter-output>
  </reporter-output>
  <suite name="Suite" duration-ms="29173" started-at="2019-02-19T15:41:28Z" finished-at="2019-02-19T15:41:57Z">
    <groups>
    </groups>
    <test name="Test" duration-ms="29173" started-at="2019-02-19T15:41:28Z" finished-at="2019-02-19T15:41:57Z">
      <class name="com.infosys.MYUHCapplication.basetest.BaseTest">
        <test-method status="PASS" signature="DbConnection()[pri:0, instance:com.infosys.MYUHCapplication.basetest.BaseTest@19f99ea]" name="DbConnection" is-config="true" duration-ms="22" started-at="2019-02-19T15:41:28Z" finished-at="2019-02-19T15:41:28Z">
          <reporter-output>
          </reporter-output>
        </test-method> <!-- DbConnection -->
        <test-method status="PASS" signature="browserlaunch(java.lang.String)[pri:0, instance:com.infosys.MYUHCapplication.basetest.BaseTest@19f99ea]" name="browserlaunch" is-config="true" duration-ms="10641" started-at="2019-02-19T15:41:28Z" finished-at="2019-02-19T15:41:39Z">
          <params>
            <param index="0">
              <value>
                <![CDATA[chrome]]>
              </value>
            </param>
          </params>
          <reporter-output>
          </reporter-output>
        </test-method> <!-- browserlaunch -->
        <test-method status="PASS" signature="SecondTestcase()[pri:0, instance:com.infosys.MYUHCapplication.basetest.BaseTest@19f99ea]" name="SecondTestcase" duration-ms="7" started-at="2019-02-19T15:41:39Z" finished-at="2019-02-19T15:41:39Z">
          <reporter-output>
          </reporter-output>
        </test-method> <!-- SecondTestcase -->
        <test-method status="PASS" signature="browserlaunch(java.lang.String)[pri:0, instance:com.infosys.MYUHCapplication.basetest.BaseTest@19f99ea]" name="browserlaunch" is-config="true" duration-ms="3517" started-at="2019-02-19T15:41:39Z" finished-at="2019-02-19T15:41:42Z">
          <params>
            <param index="0">
              <value>
                <![CDATA[chrome]]>
              </value>
            </param>
          </params>
          <reporter-output>
          </reporter-output>
        </test-method> <!-- browserlaunch -->
        <test-method status="FAIL" signature="firstTestcase()[pri:0, instance:com.infosys.MYUHCapplication.basetest.BaseTest@19f99ea]" name="firstTestcase" duration-ms="14966" started-at="2019-02-19T15:41:42Z" finished-at="2019-02-19T15:41:57Z">
          <exception class="java.lang.NullPointerException">
            <full-stacktrace>
              <![CDATA[java.lang.NullPointerException
at com.infosys.MYUHCapplication.resuableactionlib.ReusableActionLib.inputText(ReusableActionLib.java:64)
at com.infosys.MYUHCapplication.pageobjects.PageLogin.EnterUsername(PageLogin.java:43)
at com.infosys.MYUHCapplication.pageobjects.PageLogin.Login(PageLogin.java:33)
at com.infosys.MYUHCapplication.basetest.BaseTest.firstTestcase(BaseTest.java:51)
at sun.reflect.NativeMethodAccessorImpl.invoke0(Native Method)
at sun.reflect.NativeMethodAccessorImpl.invoke(Unknown Source)
at sun.reflect.DelegatingMethodAccessorImpl.invoke(Unknown Source)
at java.lang.reflect.Method.invoke(Unknown Source)
at org.testng.internal.MethodInvocationHelper.invokeMethod(MethodInvocationHelper.java:124)
at org.testng.internal.Invoker.invokeMethod(Invoker.java:580)
at org.testng.internal.Invoker.invokeTestMethod(Invoker.java:716)
at org.testng.internal.Invoker.invokeTestMethods(Invoker.java:988)
at org.testng.internal.TestMethodWorker.invokeTestMethods(TestMethodWorker.java:125)
at org.testng.internal.TestMethodWorker.run(TestMethodWorker.java:109)
at org.testng.TestRunner.privateRun(TestRunner.java:648)
at org.testng.TestRunner.run(TestRunner.java:505)
at org.testng.SuiteRunner.runTest(SuiteRunner.java:455)
at org.testng.SuiteRunner.runSequentially(SuiteRunner.java:450)
at org.testng.SuiteRunner.privateRun(SuiteRunner.java:415)
at org.testng.SuiteRunner.run(SuiteRunner.java:364)
at org.testng.SuiteRunnerWorker.runSuite(SuiteRunnerWorker.java:52)
at org.testng.SuiteRunnerWorker.run(SuiteRunnerWorker.java:84)
at org.testng.TestNG.runSuitesSequentially(TestNG.java:1208)
at org.testng.TestNG.runSuitesLocally(TestNG.java:1137)
at org.testng.TestNG.runSuites(TestNG.java:1049)
at org.testng.TestNG.run(TestNG.java:1017)
at org.testng.remote.AbstractRemoteTestNG.run(AbstractRemoteTestNG.java:114)
at org.testng.remote.RemoteTestNG.initAndRun(RemoteTestNG.java:251)
at org.testng.remote.RemoteTestNG.main(RemoteTestNG.java:77)
]]>
            </full-stacktrace>
          </exception> <!-- java.lang.NullPointerException -->
          <reporter-output>
          </reporter-output>
        </test-method> <!-- firstTestcase -->
      </class> <!-- com.infosys.MYUHCapplication.basetest.BaseTest -->
    </test> <!-- Test -->
  </suite> <!-- Suite -->
</testng-results>
